<?xml version="1.0" encoding="UTF-8"?>
<testsuite xmlns:xsi="http://www.w3.org/2001/XMLSchema-instance" xsi:noNamespaceSchemaLocation="https://maven.apache.org/surefire/maven-surefire-plugin/xsd/surefire-test-report.xsd" name="znu.practice.springdata.repositories.ProductRepositoryTest" time="0.356" tests="1" errors="1" skipped="0" failures="0">
  <properties>
[...]
</properties>
  <testcase name="znu.practice.springdata.repositories.ProductRepositoryTest" classname="znu.practice.springdata.repositories.ProductRepositoryTest" time="0.356">
    <error message="Unable to find a @SpringBootConfiguration, you need to use @ContextConfiguration or @SpringBootTest(classes=...) with your test" type="java.lang.IllegalStateException">java.lang.IllegalStateException: Unable to find a @SpringBootConfiguration, you need to use @ContextConfiguration or @SpringBootTest(classes=...) with your test
</error>
    <system-out><![CDATA[11:17:21.122 [main] DEBUG org.springframework.test.context.BootstrapUtils - Instantiating CacheAwareContextLoaderDelegate from class [org.springframework.test.context.cache.DefaultCacheAwareContextLoaderDelegate]
11:17:21.123 [main] DEBUG org.springframework.test.context.BootstrapUtils - Instantiating BootstrapContext using constructor [public org.springframework.test.context.support.DefaultBootstrapContext(java.lang.Class,org.springframework.test.context.CacheAwareContextLoaderDelegate)]
11:17:21.123 [main] DEBUG org.springframework.test.context.BootstrapUtils - Instantiating TestContextBootstrapper for test class [znu.practice.springdata.repositories.ProductRepositoryTest] from class [org.springframework.boot.test.context.SpringBootTestContextBootstrapper]
11:17:21.123 [main] INFO org.springframework.boot.test.context.SpringBootTestContextBootstrapper - Neither @ContextConfiguration nor @ContextHierarchy found for test class [znu.practice.springdata.repositories.ProductRepositoryTest], using SpringBootContextLoader
11:17:21.123 [main] DEBUG org.springframework.test.context.support.AbstractContextLoader - Did not detect default resource location for test class [znu.practice.springdata.repositories.ProductRepositoryTest]: class path resource [znu/practice/springdata/repositories/ProductRepositoryTest-context.xml] does not exist
11:17:21.124 [main] DEBUG org.springframework.test.context.support.AbstractContextLoader - Did not detect default resource location for test class [znu.practice.springdata.repositories.ProductRepositoryTest]: class path resource [znu/practice/springdata/repositories/ProductRepositoryTestContext.groovy] does not exist
11:17:21.124 [main] INFO org.springframework.test.context.support.AbstractContextLoader - Could not detect default resource locations for test class [znu.practice.springdata.repositories.ProductRepositoryTest]: no resource found for suffixes {-context.xml, Context.groovy}.
11:17:21.124 [main] INFO org.springframework.test.context.support.AnnotationConfigContextLoaderUtils - Could not detect default configuration classes for test class [znu.practice.springdata.repositories.ProductRepositoryTest]: ProductRepositoryTest does not declare any static, non-private, non-final, nested classes annotated with @Configuration.
11:17:21.125 [main] DEBUG org.springframework.test.context.support.ActiveProfilesUtils - Could not find an 'annotation declaring class' for annotation type [org.springframework.test.context.ActiveProfiles] and class [znu.practice.springdata.repositories.ProductRepositoryTest]
11:17:21.129 [main] DEBUG org.springframework.test.context.BootstrapUtils - Instantiating CacheAwareContextLoaderDelegate from class [org.springframework.test.context.cache.DefaultCacheAwareContextLoaderDelegate]
11:17:21.129 [main] DEBUG org.springframework.test.context.BootstrapUtils - Instantiating BootstrapContext using constructor [public org.springframework.test.context.support.DefaultBootstrapContext(java.lang.Class,org.springframework.test.context.CacheAwareContextLoaderDelegate)]
11:17:21.129 [main] DEBUG org.springframework.test.context.BootstrapUtils - Instantiating TestContextBootstrapper for test class [znu.practice.springdata.repositories.ProductRepositoryTest] from class [org.springframework.boot.test.context.SpringBootTestContextBootstrapper]
11:17:21.129 [main] INFO org.springframework.boot.test.context.SpringBootTestContextBootstrapper - Neither @ContextConfiguration nor @ContextHierarchy found for test class [znu.practice.springdata.repositories.ProductRepositoryTest], using SpringBootContextLoader
11:17:21.130 [main] DEBUG org.springframework.test.context.support.AbstractContextLoader - Did not detect default resource location for test class [znu.practice.springdata.repositories.ProductRepositoryTest]: class path resource [znu/practice/springdata/repositories/ProductRepositoryTest-context.xml] does not exist
11:17:21.130 [main] DEBUG org.springframework.test.context.support.AbstractContextLoader - Did not detect default resource location for test class [znu.practice.springdata.repositories.ProductRepositoryTest]: class path resource [znu/practice/springdata/repositories/ProductRepositoryTestContext.groovy] does not exist
11:17:21.130 [main] INFO org.springframework.test.context.support.AbstractContextLoader - Could not detect default resource locations for test class [znu.practice.springdata.repositories.ProductRepositoryTest]: no resource found for suffixes {-context.xml, Context.groovy}.
11:17:21.130 [main] INFO org.springframework.test.context.support.AnnotationConfigContextLoaderUtils - Could not detect default configuration classes for test class [znu.practice.springdata.repositories.ProductRepositoryTest]: ProductRepositoryTest does not declare any static, non-private, non-final, nested classes annotated with @Configuration.
11:17:21.131 [main] DEBUG org.springframework.test.context.support.ActiveProfilesUtils - Could not find an 'annotation declaring class' for annotation type [org.springframework.test.context.ActiveProfiles] and class [znu.practice.springdata.repositories.ProductRepositoryTest]
11:17:21.135 [main] DEBUG org.springframework.test.context.BootstrapUtils - Instantiating CacheAwareContextLoaderDelegate from class [org.springframework.test.context.cache.DefaultCacheAwareContextLoaderDelegate]
11:17:21.135 [main] DEBUG org.springframework.test.context.BootstrapUtils - Instantiating BootstrapContext using constructor [public org.springframework.test.context.support.DefaultBootstrapContext(java.lang.Class,org.springframework.test.context.CacheAwareContextLoaderDelegate)]
11:17:21.135 [main] DEBUG org.springframework.test.context.BootstrapUtils - Instantiating TestContextBootstrapper for test class [znu.practice.springdata.repositories.ProductRepositoryTest] from class [org.springframework.boot.test.context.SpringBootTestContextBootstrapper]
11:17:21.136 [main] INFO org.springframework.boot.test.context.SpringBootTestContextBootstrapper - Neither @ContextConfiguration nor @ContextHierarchy found for test class [znu.practice.springdata.repositories.ProductRepositoryTest], using SpringBootContextLoader
11:17:21.136 [main] DEBUG org.springframework.test.context.support.AbstractContextLoader - Did not detect default resource location for test class [znu.practice.springdata.repositories.ProductRepositoryTest]: class path resource [znu/practice/springdata/repositories/ProductRepositoryTest-context.xml] does not exist
11:17:21.136 [main] DEBUG org.springframework.test.context.support.AbstractContextLoader - Did not detect default resource location for test class [znu.practice.springdata.repositories.ProductRepositoryTest]: class path resource [znu/practice/springdata/repositories/ProductRepositoryTestContext.groovy] does not exist
11:17:21.136 [main] INFO org.springframework.test.context.support.AbstractContextLoader - Could not detect default resource locations for test class [znu.practice.springdata.repositories.ProductRepositoryTest]: no resource found for suffixes {-context.xml, Context.groovy}.
11:17:21.136 [main] INFO org.springframework.test.context.support.AnnotationConfigContextLoaderUtils - Could not detect default configuration classes for test class [znu.practice.springdata.repositories.ProductRepositoryTest]: ProductRepositoryTest does not declare any static, non-private, non-final, nested classes annotated with @Configuration.
11:17:21.137 [main] DEBUG org.springframework.test.context.support.ActiveProfilesUtils - Could not find an 'annotation declaring class' for annotation type [org.springframework.test.context.ActiveProfiles] and class [znu.practice.springdata.repositories.ProductRepositoryTest]
]]></system-out>
  </testcase>
</testsuite>