-------------------------------------------------------------------------------
Test set: znu.practice.springdata.productdata.DemoApplicationTests
-------------------------------------------------------------------------------
Tests run: 1, Failures: 0, Errors: 1, Skipped: 0, Time elapsed: 0.404 s <<< FAILURE! - in znu.practice.springdata.productdata.DemoApplicationTests
znu.practice.springdata.productdata.DemoApplicationTests  Time elapsed: 0.403 s  <<< ERROR!
java.lang.IllegalStateException: Unable to find a @SpringBootConfiguration, you need to use @ContextConfiguration or @SpringBootTest(classes=...) with your test

