-------------------------------------------------------------------------------
Test set: znu.practice.springdata.repositories.ProductRepositoryTest
-------------------------------------------------------------------------------
Tests run: 1, Failures: 0, Errors: 1, Skipped: 0, Time elapsed: 0.356 s <<< FAILURE! - in znu.practice.springdata.repositories.ProductRepositoryTest
znu.practice.springdata.repositories.ProductRepositoryTest  Time elapsed: 0.356 s  <<< ERROR!
java.lang.IllegalStateException: Unable to find a @SpringBootConfiguration, you need to use @ContextConfiguration or @SpringBootTest(classes=...) with your test

